<?xml version="1.0" encoding="UTF-8"?>
<!-- Generated by org.testng.reporters.JUnitReportReporter -->
<testsuite name="com.example.Filedownload" tests="1" time="7.490" ignored="0" failures="0" timestamp="20 Aug 2021 02:12:06 GMT" skipped="0" hostname="LP-PF2B8HXW" errors="0">
  <testcase name="download" time="7.490" classname="com.example.Filedownload"/>
</testsuite> <!-- com.example.Filedownload -->
