<?xml version="1.0" encoding="UTF-8"?>
<!-- Generated by org.testng.reporters.JUnitReportReporter -->
<testsuite name="com.example.Scroll" tests="1" time="10.019" ignored="0" failures="0" timestamp="17 Aug 2021 06:50:04 GMT" skipped="0" hostname="LP-PF2B8HXW" errors="0">
  <testcase name="scrolldwn" time="10.019" classname="com.example.Scroll"/>
</testsuite> <!-- com.example.Scroll -->
