<?xml version="1.0" encoding="UTF-8"?>
<!-- Generated by org.testng.reporters.JUnitReportReporter -->
<testsuite name="com.example.Fileupload" tests="1" time="11.844" ignored="0" failures="0" timestamp="16 Aug 2021 21:50:05 GMT" skipped="0" hostname="LP-PF2B8HXW" errors="0">
  <testcase name="uploadd" time="11.844" classname="com.example.Fileupload"/>
</testsuite> <!-- com.example.Fileupload -->
