<?xml version="1.0" encoding="UTF-8"?>
<!-- Generated by org.testng.reporters.JUnitReportReporter -->
<testsuite name="com.example.WebDriverTest" tests="1" time="11.045" ignored="7" failures="0" timestamp="12 Aug 2021 15:26:48 GMT" skipped="0" hostname="LP-PF2B8HXW" errors="0">
  <testcase name="Selectmultiple" time="11.045" classname="com.example.WebDriverTest"/>
  <testcase name="f" classname="com.example.WebDriverTest">
    <skipped/>
  </testcase> <!-- f -->
  <testcase name="drpdwn" classname="com.example.WebDriverTest">
    <skipped/>
  </testcase> <!-- drpdwn -->
  <testcase name="setcp" classname="com.example.WebDriverTest">
    <skipped/>
  </testcase> <!-- setcp -->
  <testcase name="phptravels" classname="com.example.WebDriverTest">
    <skipped/>
  </testcase> <!-- phptravels -->
  <testcase name="unordlist" classname="com.example.WebDriverTest">
    <skipped/>
  </testcase> <!-- unordlist -->
  <testcase name="dragdrop" classname="com.example.WebDriverTest">
    <skipped/>
  </testcase> <!-- dragdrop -->
  <testcase name="chropt" classname="com.example.WebDriverTest">
    <skipped/>
  </testcase> <!-- chropt -->
</testsuite> <!-- com.example.WebDriverTest -->
