<?xml version="1.0" encoding="UTF-8"?>
<!-- Generated by org.testng.reporters.JUnitReportReporter -->
<testsuite name="com.example.Readexcel" tests="1" time="9.233" ignored="0" failures="0" timestamp="16 Aug 2021 21:27:48 GMT" skipped="0" hostname="LP-PF2B8HXW" errors="0">
  <testcase name="excelnum" time="9.233" classname="com.example.Readexcel"/>
</testsuite> <!-- com.example.Readexcel -->
