<?xml version="1.0" encoding="UTF-8"?>
<!-- Generated by org.testng.reporters.JUnitReportReporter -->
<testsuite name="com.example.Tooltip" tests="1" time="10.756" ignored="0" failures="0" timestamp="18 Aug 2021 17:29:14 GMT" skipped="0" hostname="LP-PF2B8HXW" errors="0">
  <testcase name="tooltipp" time="10.756" classname="com.example.Tooltip"/>
</testsuite> <!-- com.example.Tooltip -->
