<?xml version="1.0" encoding="UTF-8"?>
<!-- Generated by org.testng.reporters.JUnitReportReporter -->
<testsuite name="com.example.Cookies" tests="1" time="20.157" ignored="0" failures="0" timestamp="23 Aug 2021 17:56:13 GMT" skipped="0" hostname="LP-PF2B8HXW" errors="0">
  <testcase name="createcookie" time="20.157" classname="com.example.Cookies"/>
</testsuite> <!-- com.example.Cookies -->
